<?xml version="1.0" encoding="UTF-8"?>
<!-- Generated by org.testng.reporters.JUnitReportReporter -->
<testsuite hostname="tm4" name="hrmscripts.Myinfo" tests="1" failures="0" timestamp="31 Oct 2017 10:12:27 GMT" time="23.725" errors="0">
  <testcase name="Apply" time="23.725" classname="hrmscripts.Myinfo"/>
</testsuite> <!-- hrmscripts.Myinfo -->
