<?xml version="1.0" encoding="UTF-8"?>
<!-- Generated by org.testng.reporters.JUnitReportReporter -->
<testsuite hostname="tm4" name="hrmscripts.ApplyLeave" tests="1" failures="0" timestamp="31 Oct 2017 06:40:19 GMT" time="22.395" errors="0">
  <testcase name="Apply" time="22.395" classname="hrmscripts.ApplyLeave"/>
</testsuite> <!-- hrmscripts.ApplyLeave -->
