<?xml version="1.0" encoding="UTF-8"?>
<!-- Generated by org.testng.reporters.JUnitReportReporter -->
<testsuite hostname="tm4" name="hrmscripts.Login" tests="1" failures="0" timestamp="31 Oct 2017 10:12:27 GMT" time="5.440" errors="0">
  <testcase name="ValidLogin" time="5.440" classname="hrmscripts.Login"/>
</testsuite> <!-- hrmscripts.Login -->
