<?xml version="1.0" encoding="UTF-8"?>
<!-- Generated by org.testng.reporters.JUnitReportReporter -->
<testsuite hostname="tm4" name="hrmscripts.Myleaveapply" tests="2" failures="0" timestamp="27 Sep 2017 03:23:58 GMT" time="55.009" errors="0">
  <testcase name="qualifica" time="23.355" classname="hrmscripts.Myleaveapply"/>
  <testcase name="Experience" time="31.654" classname="hrmscripts.Myleaveapply"/>
</testsuite> <!-- hrmscripts.Myleaveapply -->
