<?xml version="1.0" encoding="UTF-8"?>
<!-- Generated by org.testng.reporters.JUnitReportReporter -->
<testsuite hostname="tm4" name="hrmscripts.MyLeave" tests="1" failures="0" timestamp="31 Oct 2017 06:40:19 GMT" time="25.132" errors="0">
  <testcase name="MyLeavelist" time="25.132" classname="hrmscripts.MyLeave"/>
</testsuite> <!-- hrmscripts.MyLeave -->
